<?xml version="1.0" encoding="UTF-8"?>
<!-- Generated by org.testng.reporters.JUnitReportReporter -->
<testsuite hostname="DESKTOP-CRE3CMG" failures="0" tests="1" name="testcases.LoginTest" time="5.615" errors="0" timestamp="13 Jun 2022 09:06:57 GMT" skipped="0">
  <testcase classname="testcases.LoginTest" name="loginTest" time="5.615"/>
</testsuite> <!-- testcases.LoginTest -->
