<?xml version="1.0" encoding="UTF-8"?>
<!-- Generated by org.testng.reporters.JUnitReportReporter -->
<testsuite hostname="DESKTOP-CRE3CMG" failures="0" tests="1" name="testcases.LoginTest" time="9.543" errors="0" timestamp="13 Jun 2022 11:24:30 GMT" skipped="0">
  <testcase classname="testcases.LoginTest" name="loginTest" time="9.543"/>
</testsuite> <!-- testcases.LoginTest -->
